Бот запущен
Пост!
Получение хэштегов
Получены хэштеги: {'code': 1, 'file': 'hashtags.txt', 'content': ['#4', '#6', '#3', '#7', '#8', '#2', '#5', '#1', '#10', '#9']}
Обработка хэштегов завершена
Пост на стену...
Сервер получен...
Открыта сессия
Сессия закрыта
Удаление постов...
Запуск цикла...
Объявление счётчика
Удаление поста 642
Пост удалён
Удаление поста 643
Пост удалён
Удаление поста 644
Пост удалён
Удаление поста 645
Пост удалён
Удаление поста 646
Пост удалён
Удаление поста 647
Пост удалён
Удаление поста 648
Пост удалён
Удаление поста 649
Пост удалён
Удаление поста 650
Пост удалён
Удаление поста 651
Пост удалён
Пост!
Получение хэштегов
Получены хэштеги: {'code': 1, 'file': 'hashtags.txt', 'content': ['#1', '#10', '#6', '#8', '#2', '#9', '#4', '#5', '#3', '#7']}
Обработка хэштегов завершена
Пост на стену...
Сервер получен...
Открыта сессия
Сессия закрыта
Удаление постов...
Запуск цикла...
Объявление счётчика
Удаление поста 642
Пост удалён
Удаление поста 643
Пост удалён
Удаление поста 644
Пост удалён
Удаление поста 645
Пост удалён
Удаление поста 646
Пост удалён
Удаление поста 647
Пост удалён
Удаление поста 648
Пост удалён
Удаление поста 649
Пост удалён
Удаление поста 650
Пост удалён
Удаление поста 651
Пост удалён
Пост!
Получение хэштегов
Получены хэштеги: {'code': 1, 'file': 'hashtags.txt', 'content': ['#3', '#10', '#9', '#4', '#5', '#6', '#2', '#8', '#1', '#7']}
Обработка хэштегов завершена
Пост на стену...
Сервер получен...
Открыта сессия
Сессия закрыта
Удаление постов...
Запуск цикла...
Объявление счётчика
Удаление поста 642
Пост удалён
Удаление поста 643
Пост удалён
Удаление поста 644
Пост удалён
Удаление поста 645
Пост удалён
Удаление поста 646
Пост удалён
Удаление поста 647
