Создание и отправка тасков
Зпрос к файлу конфига
Запрос 0 записан!
Запрос 1 записан!
Запрос рисунка
Запрос 2 записан!
Запрос рисунка
Зпрос к файлу конфига
Запрос 3 записан!
Зпрос к файлу конфига
Запрос рисунка
Запрос рандомного изображения
Запрос 4 записан!
Зпрос к файлу конфига
Запрос рандомного изображения
Запрос рисунка
Запрос рандомного текста
Запрос рандомного текста
Запрос 5 записан!
Зпрос к файлу конфига
Запрос рандомного изображения
Запрос рисунка
Запрос 6 записан!
Запрос рисунка
Запрос рандомного текста
Запрос 7 записан!
Запрос рисунка
Зпрос к файлу конфига
Рандомный текст: Первый текст
Файл: 1.txt
Запрос рандомного изображения
Зпрос к файлу конфига
Рандомный текст: Первый текст
Файл: 1.txt
Запрос рисунка
Запрос 8 записан!
Зпрос к файлу конфига
Запрос изображения
Запрос рандомного текста
Запрос изображения
Отправка запросов
Зпрос к файлу конфига
Запрос рандомного изображения
Запрос рисунка
Рандомный текст: Второй текст
Файл: 2.txt
Заголовок сформирован
Запрос рандомного изображения
Запрос рандомного текста
Запрос рандомного изображения
Зпрос к файлу конфига
Запрос изображения
Заголовок сформирован
На изображении есть текст
Запрос рандомного текста
Рандомный текст: Второй текст
Файл: 2.txt
Заголовок сформирован
Запрос рандомного изображения
На изображении есть текст
Изображение сохранено
Запрос изображения
Запрос рандомного изображения
Рандомный текст: Первый текст
Файл: 1.txt
Изображение сохранено
На изображении есть текст
Запрос рандомного текста
Запрос рандомного текста
Запрос изображения
Заголовок сформирован
Рандомный текст: Первый текст
Файл: 1.txt
Изображение сохранено
Рандомный текст: Второй текст
Файл: 2.txt
Заголовок сформирован
Запрос изображения
На изображении есть текст
Рандомный текст: Первый текст
Файл: 1.txt
Рандомный текст: Третий текст
Файл: 3.txt
На изображении есть текст
Запрос изображения
Заголовок сформирован
Запрос изображения
Запрос изображения
Изображение сохранено
Заголовок сформирован
На изображении есть текст
Заголовок сформирован
Заголовок сформирован
На изображении есть текст
Изображение сохранено
На изображении есть текст
На изображении есть текст
Изображение сохранено
Изображение сохранено
Изображение сохранено
Зпрос к файлу конфига
Засыпание на 30 времени
