Запрос параметров
Возвращение параметров
Запрос параметров
Возвращение параметров
Запрос параметров
Возвращение параметров
Запрос к биндеру...
Получаем файл Новый текстовый документ.txt
Запрос параметров
Возвращение параметров
Запрос параметров
Возвращение параметров
Получаем хэштеги
Открытие файла
Файл закрыт
Возвращение хэштегов
Запрос к видеофайлам
Получение videos.json
Запрос параметров
Возвращение параметров
Запрос параметров
Возвращение параметров
Запрос параметров
Возвращение параметров
Запрос к биндеру...
Получаем файл Новый текстовый документ.txt
Запрос параметров
Возвращение параметров
Запрос параметров
Возвращение параметров
Получаем хэштеги
Открытие файла
Файл закрыт
Возвращение хэштегов
Запрос к видеофайлам
Получение videos.json
Запрос параметров
Возвращение параметров
Запрос параметров
Возвращение параметров
Запрос параметров
Возвращение параметров
Запрос к биндеру...
Получаем файл Новый текстовый документ.txt
Запрос параметров
Возвращение параметров
Запрос параметров
Возвращение параметров
Получаем хэштеги
Открытие файла
Файл закрыт
Возвращение хэштегов
Запрос к видеофайлам
Получение videos.json
Запрос параметров
Возвращение параметров
Запрос параметров
Возвращение параметров
Запрос параметров
Возвращение параметров
Запрос к биндеру...
Получаем файл Новый текстовый документ.txt
Запрос параметров
Возвращение параметров
Запрос параметров
Возвращение параметров
Получаем хэштеги
Открытие файла
Файл закрыт
Возвращение хэштегов
Запрос к видеофайлам
Получение videos.json
Запрос параметров
Возвращение параметров
Запрос параметров
Возвращение параметров
Запрос параметров
Возвращение параметров
Запрос к биндеру...
Получаем файл Файл.txt
Запрос параметров
Возвращение параметров
Запрос параметров
Возвращение параметров
Получаем хэштеги
Открытие файла
Файл закрыт
Возвращение хэштегов
Запрос к видеофайлам
Получение videos.json
Запрос параметров
Возвращение параметров
Запрос параметров
Возвращение параметров
Запрос параметров
Возвращение параметров
Запрос к биндеру...
Получаем файл Новый текстовый документ.txt
Запрос параметров
Возвращение параметров
Запрос параметров
Возвращение параметров
Получаем хэштеги
Открытие файла
Файл закрыт
Возвращение хэштегов
Запрос к видеофайлам
Получение videos.json
Запрос параметров
Возвращение параметров
Запрос параметров
Возвращение параметров
Запрос параметров
Возвращение параметров
Запрос к биндеру...
Получаем файл Новый текстовый документ.txt
Запрос параметров
Возвращение параметров
Запрос параметров
Возвращение параметров
Получаем хэштеги
Открытие файла
Файл закрыт
Возвращение хэштегов
Запрос к видеофайлам
Получение videos.json
Запрос параметров
Возвращение параметров
Запрос параметров
Возвращение параметров
Запрос параметров
Возвращение параметров
Запрос к биндеру...
Получаем файл Новый текстовый документ.txt
Запрос параметров
Возвращение параметров
Запрос параметров
Возвращение параметров
Получаем хэштеги
Открытие файла
Файл закрыт
Возвращение хэштегов
Запрос к видеофайлам
Получение videos.json
Запрос параметров
Возвращение параметров
Запрос параметров
Возвращение параметров
Запрос параметров
Возвращение параметров
Запрос к биндеру...
Получаем файл Новый текстовый документ.txt
Запрос параметров
Возвращение параметров
Запрос параметров
Возвращение параметров
Получаем хэштеги
Открытие файла
Файл закрыт
Возвращение хэштегов
Запрос к видеофайлам
Получение videos.json
Запрос параметров
Возвращение параметров
Запрос параметров
Возвращение параметров
Запрос параметров
Возвращение параметров
Запрос к биндеру...
Получаем файл Файл.txt
Запрос параметров
Возвращение параметров
Запрос параметров
Возвращение параметров
Получаем хэштеги
Открытие файла
Файл закрыт
Возвращение хэштегов
Запрос к видеофайлам
Получение videos.json
Запрос параметров
Возвращение параметров
Запрос параметров
Возвращение параметров
Запрос параметров
Возвращение параметров
Запрос к биндеру...
Получаем файл Новый текстовый документ.txt
Запрос параметров
Возвращение параметров
Запрос параметров
Возвращение параметров
Получаем хэштеги
Открытие файла
Файл закрыт
Возвращение хэштегов
Запрос к видеофайлам
Получение videos.json
Запрос параметров
Возвращение параметров
Запрос параметров
Возвращение параметров
Запрос параметров
Возвращение параметров
Запрос к биндеру...
Получаем файл Новый текстовый документ.txt
Запрос параметров
Возвращение параметров
Запрос параметров
Возвращение параметров
Получаем хэштеги
Открытие файла
Файл закрыт
Возвращение хэштегов
Запрос к видеофайлам
Получение videos.json
Запрос параметров
Возвращение параметров
Запрос параметров
Возвращение параметров
Запрос параметров
Возвращение параметров
Запрос к биндеру...
Получаем файл Новый текстовый документ.txt
Запрос параметров
Возвращение параметров
Запрос параметров
Возвращение параметров
Получаем хэштеги
Открытие файла
Файл закрыт
Возвращение хэштегов
Запрос к видеофайлам
Получение videos.json
