Бот запущен
Пост!
Получение хэштегов
Получены хэштеги: {'code': 1, 'file': 'hashtags.txt', 'content': ['#4', '#7', '#8', '#10', '#1', '#9', '#2', '#6', '#5', '#3']}
Обработка хэштегов завершена
Пост на стену...
Сервер получен...
Открыта сессия
Сессия закрыта
Удаление постов...
Запуск цикла...
Объявление счётчика
Удаление поста 630
Пост удалён
Удаление поста 631
Пост удалён
Удаление поста 632
Пост удалён
Удаление поста 633
Пост удалён
Удаление поста 634
Пост удалён
Удаление поста 635
Пост удалён
Удаление поста 636
Пост удалён
Удаление поста 637
Пост удалён
Удаление поста 638
Пост удалён
Пост!
Получение хэштегов
Получены хэштеги: {'code': 1, 'file': 'hashtags.txt', 'content': ['#9', '#5', '#6', '#10', '#4', '#2', '#3', '#7', '#1', '#8']}
Обработка хэштегов завершена
Пост на стену...
Сервер получен...
Открыта сессия
Сессия закрыта
Пост!
Получение хэштегов
Получены хэштеги: {'code': 1, 'file': 'hashtags.txt', 'content': ['#4', '#7', '#3', '#8', '#6', '#9', '#10', '#1', '#5', '#2']}
Обработка хэштегов завершена
Пост на стену...
Сервер получен...
Открыта сессия
Сессия закрыта
Пост!
Получение хэштегов
Получены хэштеги: {'code': 1, 'file': 'hashtags.txt', 'content': ['#6', '#9', '#1', '#10', '#3', '#8', '#5', '#7', '#4', '#2']}
Обработка хэштегов завершена
Пост на стену...
Сервер получен...
Открыта сессия
Сессия закрыта
Пост!
Получение хэштегов
Получены хэштеги: {'code': 1, 'file': 'hashtags.txt', 'content': ['#10', '#7', '#9', '#5', '#3', '#1', '#4', '#8', '#2', '#6']}
Обработка хэштегов завершена
Пост на стену...
Сервер получен...
Открыта сессия
Сессия закрыта
Пост!
Получение хэштегов
Получены хэштеги: {'code': 1, 'file': 'hashtags.txt', 'content': ['#4', '#7', '#3', '#1', '#5', '#10', '#6', '#2', '#9', '#8']}
Обработка хэштегов завершена
Пост на стену...
Сервер получен...
Открыта сессия
Сессия закрыта
Пост!
Получение хэштегов
Получены хэштеги: {'code': 1, 'file': 'hashtags.txt', 'content': ['#6', '#4', '#5', '#8', '#7', '#3', '#9', '#2', '#1', '#10']}
Обработка хэштегов завершена
Пост на стену...
Сервер получен...
Открыта сессия
Сессия закрыта
Пост!
Получение хэштегов
Получены хэштеги: {'code': 1, 'file': 'hashtags.txt', 'content': ['#2', '#6', '#7', '#10', '#4', '#5', '#3', '#8', '#9', '#1']}
Обработка хэштегов завершена
Пост на стену...
Сервер получен...
Открыта сессия
Сессия закрыта
Пост!
Получение хэштегов
Получены хэштеги: {'code': 1, 'file': 'hashtags.txt', 'content': ['#6', '#10', '#1', '#3', '#9', '#8', '#5', '#7', '#2', '#4']}
Обработка хэштегов завершена
Пост на стену...
Сервер получен...
Открыта сессия
Сессия закрыта
Пост!
Получение хэштегов
Получены хэштеги: {'code': 1, 'file': 'hashtags.txt', 'content': ['#5', '#4', '#2', '#10', '#9', '#1', '#6', '#3', '#7', '#8']}
Обработка хэштегов завершена
Пост на стену...
Сервер получен...
Открыта сессия
Сессия закрыта
Пост!
Получение хэштегов
Получены хэштеги: {'code': 1, 'file': 'hashtags.txt', 'content': ['#10', '#1', '#5', '#3', '#7', '#4', '#8', '#2', '#9', '#6']}
Обработка хэштегов завершена
Пост на стену...
Сервер получен...
Открыта сессия
Сессия закрыта
Удаление постов...
Запуск цикла...
Объявление счётчика
Удаление поста 639
Пост удалён
Пост!
Получение хэштегов
Получены хэштеги: {'code': 1, 'file': 'hashtags.txt', 'content': ['#7', '#9', '#5', '#4', '#8', '#2', '#3', '#6', '#1', '#10']}
Обработка хэштегов завершена
Пост на стену...
Сервер получен...
Открыта сессия
Сессия закрыта
Удаление постов...
Запуск цикла...
Объявление счётчика
Удаление поста 640
Пост удалён
Удаление поста 639
Пост удалён
Пост!
Получение хэштегов
Получены хэштеги: {'code': 1, 'file': 'hashtags.txt', 'content': ['#8', '#1', '#4', '#10', '#7', '#6', '#9', '#2', '#5', '#3']}
Обработка хэштегов завершена
Пост на стену...
Сервер получен...
Открыта сессия
Сессия закрыта
Удаление постов...
Запуск цикла...
Объявление счётчика
Удаление поста 641
Пост удалён
Удаление поста 639
Пост удалён
Удаление поста 640
Пост удалён
